<?xml version="1.0" encoding="UTF-8"?>
<!-- Generated by org.testng.reporters.JUnitXMLReporter -->
<testsuite hostname="DESKTOP-CPM7937" ignored="0" name="Default test" tests="3" failures="0" timestamp="26 Feb 2017 06:51:19 GMT" time="38.745" errors="0">
  <testcase name="Dynamic text (quote)" time="17.429" classname="core.ElementsValidationTest"/>
  <testcase name="Page title (Sing Up)" time="10.474" classname="core.ElementsValidationTest"/>
  <testcase name="text (current location)" time="9.983" classname="core.ElementsValidationTest"/>
</testsuite> <!-- Default test -->
